<?xml version="1.0" encoding="UTF-8"?>
<!-- Generated by org.testng.reporters.JUnitReportReporter -->
<testsuite hostname="RazvanAsus" failures="0" tests="1" name="epayAutomation.GoogleHomeTest" time="0.669" errors="0" timestamp="2023-05-22T16:11:40 EEST" skipped="0">
  <testcase classname="epayAutomation.GoogleHomeTest" name="searchTest" time="0.669"/>
  <system-out/>
</testsuite> <!-- epayAutomation.GoogleHomeTest -->
