<?xml version="1.0" encoding="UTF-8"?>
<!-- Generated by org.testng.reporters.JUnitReportReporter -->
<testsuite hostname="RazvanAsus" failures="0" tests="1" name="epayAutomation.GoogleHomeTest" time="1.841" errors="0" timestamp="2023-05-22T16:53:07 EEST" skipped="0">
  <testcase classname="epayAutomation.GoogleHomeTest" name="searchTest" time="1.841"/>
  <system-out/>
</testsuite> <!-- epayAutomation.GoogleHomeTest -->
