<?xml version="1.0" encoding="UTF-8"?>
<!-- Generated by org.testng.reporters.JUnitReportReporter -->
<testsuite hostname="RazvanAsus" failures="0" tests="1" name="epayAutomation.GoogleHomeTest" time="0.697" errors="0" timestamp="2023-05-19T22:01:19 EEST" skipped="0">
  <testcase classname="epayAutomation.GoogleHomeTest" name="searchTest" time="0.697"/>
  <system-out/>
</testsuite> <!-- epayAutomation.GoogleHomeTest -->
